C:\USERS\IMRC\DOCUMENTS\VISUAL STUDIO 2010\PROJECTS\FREAK_5_BRISK\DEBUG\FREAK_5_BRISK.EXE
C:\USERS\IMRC\DOCUMENTS\VISUAL STUDIO 2010\PROJECTS\FREAK_5_BRISK\DEBUG\FREAK_5_BRISK.ILK
C:\USERS\IMRC\DOCUMENTS\VISUAL STUDIO 2010\PROJECTS\FREAK_5_BRISK\DEBUG\FREAK_5_BRISK.PDB
C:\USERS\IMRC\DOCUMENTS\VISUAL STUDIO 2010\PROJECTS\FREAK_5_BRISK\FREAK_5_BRISK\DEBUG\AGAST5_8.OBJ
C:\USERS\IMRC\DOCUMENTS\VISUAL STUDIO 2010\PROJECTS\FREAK_5_BRISK\FREAK_5_BRISK\DEBUG\AGAST5_8_NMS.OBJ
C:\USERS\IMRC\DOCUMENTS\VISUAL STUDIO 2010\PROJECTS\FREAK_5_BRISK\FREAK_5_BRISK\DEBUG\AGAST7_12D.OBJ
C:\USERS\IMRC\DOCUMENTS\VISUAL STUDIO 2010\PROJECTS\FREAK_5_BRISK\FREAK_5_BRISK\DEBUG\AGAST7_12D_NMS.OBJ
C:\USERS\IMRC\DOCUMENTS\VISUAL STUDIO 2010\PROJECTS\FREAK_5_BRISK\FREAK_5_BRISK\DEBUG\AGAST7_12S.OBJ
C:\USERS\IMRC\DOCUMENTS\VISUAL STUDIO 2010\PROJECTS\FREAK_5_BRISK\FREAK_5_BRISK\DEBUG\AGAST7_12S_NMS.OBJ
C:\USERS\IMRC\DOCUMENTS\VISUAL STUDIO 2010\PROJECTS\FREAK_5_BRISK\FREAK_5_BRISK\DEBUG\ASTDETECTOR.OBJ
C:\USERS\IMRC\DOCUMENTS\VISUAL STUDIO 2010\PROJECTS\FREAK_5_BRISK\FREAK_5_BRISK\DEBUG\BRISK.OBJ
C:\USERS\IMRC\DOCUMENTS\VISUAL STUDIO 2010\PROJECTS\FREAK_5_BRISK\FREAK_5_BRISK\DEBUG\FREAK.OBJ
C:\USERS\IMRC\DOCUMENTS\VISUAL STUDIO 2010\PROJECTS\FREAK_5_BRISK\FREAK_5_BRISK\DEBUG\FREAK_5_BRISK.EXE.EMBED.MANIFEST
C:\USERS\IMRC\DOCUMENTS\VISUAL STUDIO 2010\PROJECTS\FREAK_5_BRISK\FREAK_5_BRISK\DEBUG\FREAK_5_BRISK.EXE.EMBED.MANIFEST.RES
C:\USERS\IMRC\DOCUMENTS\VISUAL STUDIO 2010\PROJECTS\FREAK_5_BRISK\FREAK_5_BRISK\DEBUG\FREAK_5_BRISK.EXE.INTERMEDIATE.MANIFEST
C:\USERS\IMRC\DOCUMENTS\VISUAL STUDIO 2010\PROJECTS\FREAK_5_BRISK\FREAK_5_BRISK\DEBUG\FREAK_DEMO.OBJ
C:\USERS\IMRC\DOCUMENTS\VISUAL STUDIO 2010\PROJECTS\FREAK_5_BRISK\FREAK_5_BRISK\DEBUG\GCFILTERMATCHES.OBJ
C:\USERS\IMRC\DOCUMENTS\VISUAL STUDIO 2010\PROJECTS\FREAK_5_BRISK\FREAK_5_BRISK\DEBUG\GCHOMOGRAPHY.OBJ
C:\USERS\IMRC\DOCUMENTS\VISUAL STUDIO 2010\PROJECTS\FREAK_5_BRISK\FREAK_5_BRISK\DEBUG\GCKEYPOINTSRECOVER.OBJ
C:\USERS\IMRC\DOCUMENTS\VISUAL STUDIO 2010\PROJECTS\FREAK_5_BRISK\FREAK_5_BRISK\DEBUG\GCMATCHES2POINTS.OBJ
C:\USERS\IMRC\DOCUMENTS\VISUAL STUDIO 2010\PROJECTS\FREAK_5_BRISK\FREAK_5_BRISK\DEBUG\NONMAXIMUMSUPPRESSION.OBJ
C:\USERS\IMRC\DOCUMENTS\VISUAL STUDIO 2010\PROJECTS\FREAK_5_BRISK\FREAK_5_BRISK\DEBUG\OAST9_16.OBJ
C:\USERS\IMRC\DOCUMENTS\VISUAL STUDIO 2010\PROJECTS\FREAK_5_BRISK\FREAK_5_BRISK\DEBUG\OAST9_16_NMS.OBJ
C:\USERS\IMRC\DOCUMENTS\VISUAL STUDIO 2010\PROJECTS\FREAK_5_BRISK\FREAK_5_BRISK\DEBUG\VC100.PDB
D:\과제\[2013]KISTSMARTBOOKLET\SMARTBOOKLET_YONSEI\SMARTBOOKLET_YONSEI\PROJECTS\FREAK_5_BRISK\DEBUG\FREAK_5_BRISK.EXE
D:\과제\[2013]KISTSMARTBOOKLET\SMARTBOOKLET_YONSEI\SMARTBOOKLET_YONSEI\PROJECTS\FREAK_5_BRISK\DEBUG\FREAK_5_BRISK.ILK
D:\과제\[2013]KISTSMARTBOOKLET\SMARTBOOKLET_YONSEI\SMARTBOOKLET_YONSEI\PROJECTS\FREAK_5_BRISK\DEBUG\FREAK_5_BRISK.PDB
D:\과제\[2013]KISTSMARTBOOKLET\SMARTBOOKLET_YONSEI\SMARTBOOKLET_YONSEI\PROJECTS\FREAK_5_BRISK\FREAK_5_BRISK\DEBUG\AGAST5_8.OBJ
D:\과제\[2013]KISTSMARTBOOKLET\SMARTBOOKLET_YONSEI\SMARTBOOKLET_YONSEI\PROJECTS\FREAK_5_BRISK\FREAK_5_BRISK\DEBUG\AGAST5_8_NMS.OBJ
D:\과제\[2013]KISTSMARTBOOKLET\SMARTBOOKLET_YONSEI\SMARTBOOKLET_YONSEI\PROJECTS\FREAK_5_BRISK\FREAK_5_BRISK\DEBUG\AGAST7_12D.OBJ
D:\과제\[2013]KISTSMARTBOOKLET\SMARTBOOKLET_YONSEI\SMARTBOOKLET_YONSEI\PROJECTS\FREAK_5_BRISK\FREAK_5_BRISK\DEBUG\AGAST7_12D_NMS.OBJ
D:\과제\[2013]KISTSMARTBOOKLET\SMARTBOOKLET_YONSEI\SMARTBOOKLET_YONSEI\PROJECTS\FREAK_5_BRISK\FREAK_5_BRISK\DEBUG\AGAST7_12S.OBJ
D:\과제\[2013]KISTSMARTBOOKLET\SMARTBOOKLET_YONSEI\SMARTBOOKLET_YONSEI\PROJECTS\FREAK_5_BRISK\FREAK_5_BRISK\DEBUG\AGAST7_12S_NMS.OBJ
D:\과제\[2013]KISTSMARTBOOKLET\SMARTBOOKLET_YONSEI\SMARTBOOKLET_YONSEI\PROJECTS\FREAK_5_BRISK\FREAK_5_BRISK\DEBUG\ASTDETECTOR.OBJ
D:\과제\[2013]KISTSMARTBOOKLET\SMARTBOOKLET_YONSEI\SMARTBOOKLET_YONSEI\PROJECTS\FREAK_5_BRISK\FREAK_5_BRISK\DEBUG\BRISK.OBJ
D:\과제\[2013]KISTsmartbooklet\smartbooklet_yonsei\smartbooklet_yonsei\Projects\freak_5_brisk\freak_5_brisk\Debug\cl.command.1.tlog
D:\과제\[2013]KISTsmartbooklet\smartbooklet_yonsei\smartbooklet_yonsei\Projects\freak_5_brisk\freak_5_brisk\Debug\CL.read.1.tlog
D:\과제\[2013]KISTsmartbooklet\smartbooklet_yonsei\smartbooklet_yonsei\Projects\freak_5_brisk\freak_5_brisk\Debug\CL.write.1.tlog
D:\과제\[2013]KISTSMARTBOOKLET\SMARTBOOKLET_YONSEI\SMARTBOOKLET_YONSEI\PROJECTS\FREAK_5_BRISK\FREAK_5_BRISK\DEBUG\FREAK.OBJ
D:\과제\[2013]KISTsmartbooklet\smartbooklet_yonsei\smartbooklet_yonsei\Projects\freak_5_brisk\freak_5_brisk\Debug\freak_5_brisk.exe.embed.manifest
D:\과제\[2013]KISTSMARTBOOKLET\SMARTBOOKLET_YONSEI\SMARTBOOKLET_YONSEI\PROJECTS\FREAK_5_BRISK\FREAK_5_BRISK\DEBUG\FREAK_5_BRISK.EXE.EMBED.MANIFEST.RES
D:\과제\[2013]KISTSMARTBOOKLET\SMARTBOOKLET_YONSEI\SMARTBOOKLET_YONSEI\PROJECTS\FREAK_5_BRISK\FREAK_5_BRISK\DEBUG\FREAK_5_BRISK.EXE.INTERMEDIATE.MANIFEST
D:\과제\[2013]KISTsmartbooklet\smartbooklet_yonsei\smartbooklet_yonsei\Projects\freak_5_brisk\freak_5_brisk\Debug\freak_5_brisk.write.1.tlog
D:\과제\[2013]KISTsmartbooklet\smartbooklet_yonsei\smartbooklet_yonsei\Projects\freak_5_brisk\freak_5_brisk\Debug\freak_5_brisk_manifest.rc
D:\과제\[2013]KISTSMARTBOOKLET\SMARTBOOKLET_YONSEI\SMARTBOOKLET_YONSEI\PROJECTS\FREAK_5_BRISK\FREAK_5_BRISK\DEBUG\FREAK_DEMO.OBJ
D:\과제\[2013]KISTSMARTBOOKLET\SMARTBOOKLET_YONSEI\SMARTBOOKLET_YONSEI\PROJECTS\FREAK_5_BRISK\FREAK_5_BRISK\DEBUG\GCFILTERMATCHES.OBJ
D:\과제\[2013]KISTSMARTBOOKLET\SMARTBOOKLET_YONSEI\SMARTBOOKLET_YONSEI\PROJECTS\FREAK_5_BRISK\FREAK_5_BRISK\DEBUG\GCHOMOGRAPHY.OBJ
D:\과제\[2013]KISTSMARTBOOKLET\SMARTBOOKLET_YONSEI\SMARTBOOKLET_YONSEI\PROJECTS\FREAK_5_BRISK\FREAK_5_BRISK\DEBUG\GCKEYPOINTSRECOVER.OBJ
D:\과제\[2013]KISTSMARTBOOKLET\SMARTBOOKLET_YONSEI\SMARTBOOKLET_YONSEI\PROJECTS\FREAK_5_BRISK\FREAK_5_BRISK\DEBUG\GCMATCHES2POINTS.OBJ
D:\과제\[2013]KISTsmartbooklet\smartbooklet_yonsei\smartbooklet_yonsei\Projects\freak_5_brisk\freak_5_brisk\Debug\link.3572.read.1.tlog
D:\과제\[2013]KISTsmartbooklet\smartbooklet_yonsei\smartbooklet_yonsei\Projects\freak_5_brisk\freak_5_brisk\Debug\link.3572.write.1.tlog
D:\과제\[2013]KISTsmartbooklet\smartbooklet_yonsei\smartbooklet_yonsei\Projects\freak_5_brisk\freak_5_brisk\Debug\link.3572-cvtres.read.1.tlog
D:\과제\[2013]KISTsmartbooklet\smartbooklet_yonsei\smartbooklet_yonsei\Projects\freak_5_brisk\freak_5_brisk\Debug\link.3572-cvtres.write.1.tlog
D:\과제\[2013]KISTsmartbooklet\smartbooklet_yonsei\smartbooklet_yonsei\Projects\freak_5_brisk\freak_5_brisk\Debug\link.4828.read.1.tlog
D:\과제\[2013]KISTsmartbooklet\smartbooklet_yonsei\smartbooklet_yonsei\Projects\freak_5_brisk\freak_5_brisk\Debug\link.4828.write.1.tlog
D:\과제\[2013]KISTsmartbooklet\smartbooklet_yonsei\smartbooklet_yonsei\Projects\freak_5_brisk\freak_5_brisk\Debug\link.4828-cvtres.read.1.tlog
D:\과제\[2013]KISTsmartbooklet\smartbooklet_yonsei\smartbooklet_yonsei\Projects\freak_5_brisk\freak_5_brisk\Debug\link.4828-cvtres.write.1.tlog
D:\과제\[2013]KISTsmartbooklet\smartbooklet_yonsei\smartbooklet_yonsei\Projects\freak_5_brisk\freak_5_brisk\Debug\link.4856.read.1.tlog
D:\과제\[2013]KISTsmartbooklet\smartbooklet_yonsei\smartbooklet_yonsei\Projects\freak_5_brisk\freak_5_brisk\Debug\link.4856.write.1.tlog
D:\과제\[2013]KISTsmartbooklet\smartbooklet_yonsei\smartbooklet_yonsei\Projects\freak_5_brisk\freak_5_brisk\Debug\link.4856-cvtres.read.1.tlog
D:\과제\[2013]KISTsmartbooklet\smartbooklet_yonsei\smartbooklet_yonsei\Projects\freak_5_brisk\freak_5_brisk\Debug\link.4856-cvtres.write.1.tlog
D:\과제\[2013]KISTsmartbooklet\smartbooklet_yonsei\smartbooklet_yonsei\Projects\freak_5_brisk\freak_5_brisk\Debug\link.4960.read.1.tlog
D:\과제\[2013]KISTsmartbooklet\smartbooklet_yonsei\smartbooklet_yonsei\Projects\freak_5_brisk\freak_5_brisk\Debug\link.4960.write.1.tlog
D:\과제\[2013]KISTsmartbooklet\smartbooklet_yonsei\smartbooklet_yonsei\Projects\freak_5_brisk\freak_5_brisk\Debug\link.4960-cvtres.read.1.tlog
D:\과제\[2013]KISTsmartbooklet\smartbooklet_yonsei\smartbooklet_yonsei\Projects\freak_5_brisk\freak_5_brisk\Debug\link.4960-cvtres.write.1.tlog
D:\과제\[2013]KISTsmartbooklet\smartbooklet_yonsei\smartbooklet_yonsei\Projects\freak_5_brisk\freak_5_brisk\Debug\link.5164.read.1.tlog
D:\과제\[2013]KISTsmartbooklet\smartbooklet_yonsei\smartbooklet_yonsei\Projects\freak_5_brisk\freak_5_brisk\Debug\link.5164.write.1.tlog
D:\과제\[2013]KISTsmartbooklet\smartbooklet_yonsei\smartbooklet_yonsei\Projects\freak_5_brisk\freak_5_brisk\Debug\link.5164-cvtres.read.1.tlog
D:\과제\[2013]KISTsmartbooklet\smartbooklet_yonsei\smartbooklet_yonsei\Projects\freak_5_brisk\freak_5_brisk\Debug\link.5164-cvtres.write.1.tlog
D:\과제\[2013]KISTsmartbooklet\smartbooklet_yonsei\smartbooklet_yonsei\Projects\freak_5_brisk\freak_5_brisk\Debug\link.5780.read.1.tlog
D:\과제\[2013]KISTsmartbooklet\smartbooklet_yonsei\smartbooklet_yonsei\Projects\freak_5_brisk\freak_5_brisk\Debug\link.5780.write.1.tlog
D:\과제\[2013]KISTsmartbooklet\smartbooklet_yonsei\smartbooklet_yonsei\Projects\freak_5_brisk\freak_5_brisk\Debug\link.5780-cvtres.read.1.tlog
D:\과제\[2013]KISTsmartbooklet\smartbooklet_yonsei\smartbooklet_yonsei\Projects\freak_5_brisk\freak_5_brisk\Debug\link.5780-cvtres.write.1.tlog
D:\과제\[2013]KISTsmartbooklet\smartbooklet_yonsei\smartbooklet_yonsei\Projects\freak_5_brisk\freak_5_brisk\Debug\link.5856.read.1.tlog
D:\과제\[2013]KISTsmartbooklet\smartbooklet_yonsei\smartbooklet_yonsei\Projects\freak_5_brisk\freak_5_brisk\Debug\link.5856.write.1.tlog
D:\과제\[2013]KISTsmartbooklet\smartbooklet_yonsei\smartbooklet_yonsei\Projects\freak_5_brisk\freak_5_brisk\Debug\link.5856-cvtres.read.1.tlog
D:\과제\[2013]KISTsmartbooklet\smartbooklet_yonsei\smartbooklet_yonsei\Projects\freak_5_brisk\freak_5_brisk\Debug\link.5856-cvtres.write.1.tlog
D:\과제\[2013]KISTsmartbooklet\smartbooklet_yonsei\smartbooklet_yonsei\Projects\freak_5_brisk\freak_5_brisk\Debug\link.8744.read.1.tlog
D:\과제\[2013]KISTsmartbooklet\smartbooklet_yonsei\smartbooklet_yonsei\Projects\freak_5_brisk\freak_5_brisk\Debug\link.8744.write.1.tlog
D:\과제\[2013]KISTsmartbooklet\smartbooklet_yonsei\smartbooklet_yonsei\Projects\freak_5_brisk\freak_5_brisk\Debug\link.8744-cvtres.read.1.tlog
D:\과제\[2013]KISTsmartbooklet\smartbooklet_yonsei\smartbooklet_yonsei\Projects\freak_5_brisk\freak_5_brisk\Debug\link.8744-cvtres.write.1.tlog
D:\과제\[2013]KISTsmartbooklet\smartbooklet_yonsei\smartbooklet_yonsei\Projects\freak_5_brisk\freak_5_brisk\Debug\link.command.1.tlog
D:\과제\[2013]KISTsmartbooklet\smartbooklet_yonsei\smartbooklet_yonsei\Projects\freak_5_brisk\freak_5_brisk\Debug\link.read.1.tlog
D:\과제\[2013]KISTsmartbooklet\smartbooklet_yonsei\smartbooklet_yonsei\Projects\freak_5_brisk\freak_5_brisk\Debug\link.write.1.tlog
D:\과제\[2013]KISTsmartbooklet\smartbooklet_yonsei\smartbooklet_yonsei\Projects\freak_5_brisk\freak_5_brisk\Debug\link-cvtres.read.1.tlog
D:\과제\[2013]KISTsmartbooklet\smartbooklet_yonsei\smartbooklet_yonsei\Projects\freak_5_brisk\freak_5_brisk\Debug\link-cvtres.write.1.tlog
D:\과제\[2013]KISTSMARTBOOKLET\SMARTBOOKLET_YONSEI\SMARTBOOKLET_YONSEI\PROJECTS\FREAK_5_BRISK\FREAK_5_BRISK\DEBUG\MSL_MAIN.OBJ
D:\과제\[2013]KISTsmartbooklet\smartbooklet_yonsei\smartbooklet_yonsei\Projects\freak_5_brisk\freak_5_brisk\Debug\mt.command.1.tlog
D:\과제\[2013]KISTsmartbooklet\smartbooklet_yonsei\smartbooklet_yonsei\Projects\freak_5_brisk\freak_5_brisk\Debug\mt.read.1.tlog
D:\과제\[2013]KISTsmartbooklet\smartbooklet_yonsei\smartbooklet_yonsei\Projects\freak_5_brisk\freak_5_brisk\Debug\mt.write.1.tlog
D:\과제\[2013]KISTSMARTBOOKLET\SMARTBOOKLET_YONSEI\SMARTBOOKLET_YONSEI\PROJECTS\FREAK_5_BRISK\FREAK_5_BRISK\DEBUG\NONMAXIMUMSUPPRESSION.OBJ
D:\과제\[2013]KISTSMARTBOOKLET\SMARTBOOKLET_YONSEI\SMARTBOOKLET_YONSEI\PROJECTS\FREAK_5_BRISK\FREAK_5_BRISK\DEBUG\OAST9_16.OBJ
D:\과제\[2013]KISTSMARTBOOKLET\SMARTBOOKLET_YONSEI\SMARTBOOKLET_YONSEI\PROJECTS\FREAK_5_BRISK\FREAK_5_BRISK\DEBUG\OAST9_16_NMS.OBJ
D:\과제\[2013]KISTsmartbooklet\smartbooklet_yonsei\smartbooklet_yonsei\Projects\freak_5_brisk\freak_5_brisk\Debug\rc.command.1.tlog
D:\과제\[2013]KISTsmartbooklet\smartbooklet_yonsei\smartbooklet_yonsei\Projects\freak_5_brisk\freak_5_brisk\Debug\rc.read.1.tlog
D:\과제\[2013]KISTsmartbooklet\smartbooklet_yonsei\smartbooklet_yonsei\Projects\freak_5_brisk\freak_5_brisk\Debug\rc.write.1.tlog
D:\과제\[2013]KISTsmartbooklet\smartbooklet_yonsei\smartbooklet_yonsei\Projects\freak_5_brisk\freak_5_brisk\Debug\vc100.idb
D:\과제\[2013]KISTSMARTBOOKLET\SMARTBOOKLET_YONSEI\SMARTBOOKLET_YONSEI\PROJECTS\FREAK_5_BRISK\FREAK_5_BRISK\DEBUG\VC100.PDB
E:\SMARTBOOKLET\PROJECTS\FREAK_5_BRISK\DEBUG\FREAK_5_BRISK.EXE
E:\SMARTBOOKLET\PROJECTS\FREAK_5_BRISK\DEBUG\FREAK_5_BRISK.ILK
E:\SMARTBOOKLET\PROJECTS\FREAK_5_BRISK\DEBUG\FREAK_5_BRISK.PDB
E:\SMARTBOOKLET\PROJECTS\FREAK_5_BRISK\FREAK_5_BRISK\DEBUG\AGAST5_8.OBJ
E:\SMARTBOOKLET\PROJECTS\FREAK_5_BRISK\FREAK_5_BRISK\DEBUG\AGAST5_8_NMS.OBJ
E:\SMARTBOOKLET\PROJECTS\FREAK_5_BRISK\FREAK_5_BRISK\DEBUG\AGAST7_12D.OBJ
E:\SMARTBOOKLET\PROJECTS\FREAK_5_BRISK\FREAK_5_BRISK\DEBUG\AGAST7_12D_NMS.OBJ
E:\SMARTBOOKLET\PROJECTS\FREAK_5_BRISK\FREAK_5_BRISK\DEBUG\AGAST7_12S.OBJ
E:\SMARTBOOKLET\PROJECTS\FREAK_5_BRISK\FREAK_5_BRISK\DEBUG\AGAST7_12S_NMS.OBJ
E:\SMARTBOOKLET\PROJECTS\FREAK_5_BRISK\FREAK_5_BRISK\DEBUG\ASTDETECTOR.OBJ
E:\SMARTBOOKLET\PROJECTS\FREAK_5_BRISK\FREAK_5_BRISK\DEBUG\BRISK.OBJ
E:\SMARTBOOKLET\PROJECTS\FREAK_5_BRISK\FREAK_5_BRISK\DEBUG\FREAK.OBJ
E:\SMARTBOOKLET\PROJECTS\FREAK_5_BRISK\FREAK_5_BRISK\DEBUG\FREAK_5_BRISK.EXE.EMBED.MANIFEST.RES
E:\SMARTBOOKLET\PROJECTS\FREAK_5_BRISK\FREAK_5_BRISK\DEBUG\FREAK_5_BRISK.EXE.INTERMEDIATE.MANIFEST
E:\SMARTBOOKLET\PROJECTS\FREAK_5_BRISK\FREAK_5_BRISK\DEBUG\FREAK_DEMO.OBJ
E:\SMARTBOOKLET\PROJECTS\FREAK_5_BRISK\FREAK_5_BRISK\DEBUG\GCFILTERMATCHES.OBJ
E:\SMARTBOOKLET\PROJECTS\FREAK_5_BRISK\FREAK_5_BRISK\DEBUG\GCHOMOGRAPHY.OBJ
E:\SMARTBOOKLET\PROJECTS\FREAK_5_BRISK\FREAK_5_BRISK\DEBUG\GCKEYPOINTSRECOVER.OBJ
E:\SMARTBOOKLET\PROJECTS\FREAK_5_BRISK\FREAK_5_BRISK\DEBUG\GCMATCHES2POINTS.OBJ
E:\SMARTBOOKLET\PROJECTS\FREAK_5_BRISK\FREAK_5_BRISK\DEBUG\NONMAXIMUMSUPPRESSION.OBJ
E:\SMARTBOOKLET\PROJECTS\FREAK_5_BRISK\FREAK_5_BRISK\DEBUG\OAST9_16.OBJ
E:\SMARTBOOKLET\PROJECTS\FREAK_5_BRISK\FREAK_5_BRISK\DEBUG\OAST9_16_NMS.OBJ
E:\SMARTBOOKLET\PROJECTS\FREAK_5_BRISK\FREAK_5_BRISK\DEBUG\VC100.PDB
